[debug] [2021-08-04T23:15:49.960Z] ----------------------------------------------------------------------
[debug] [2021-08-04T23:15:49.962Z] Command:       C:\Program Files\nodejs\node.exe C:\Users\yoyoh\AppData\Roaming\npm\node_modules\firebase-tools\lib\bin\firebase.js init
[debug] [2021-08-04T23:15:49.963Z] CLI Version:   9.9.0
[debug] [2021-08-04T23:15:49.963Z] Platform:      win32
[debug] [2021-08-04T23:15:49.963Z] Node Version:  v14.16.0
[debug] [2021-08-04T23:15:49.964Z] Time:          Wed Aug 04 2021 18:15:49 GMT-0500 (Central Daylight Time)
[debug] [2021-08-04T23:15:49.964Z] ----------------------------------------------------------------------
[debug] 
[debug] [2021-08-04T23:15:49.970Z] > command requires scopes: ["email","openid","https://www.googleapis.com/auth/cloudplatformprojects.readonly","https://www.googleapis.com/auth/firebase","https://www.googleapis.com/auth/cloud-platform"]
[debug] [2021-08-04T23:15:49.970Z] > authorizing via signed-in user (yoyohigazy77@gmail.com)
[info] 
     ######## #### ########  ######## ########     ###     ######  ########
     ##        ##  ##     ## ##       ##     ##  ##   ##  ##       ##
     ######    ##  ########  ######   ########  #########  ######  ######
     ##        ##  ##    ##  ##       ##     ## ##     ##       ## ##
     ##       #### ##     ## ######## ########  ##     ##  ######  ########

You're about to initialize a Firebase project in this directory:

  C:\Users\yoyoh\Downloads\Code Development\authentication-service\authentication-service

Before we get started, keep in mind:

  * You are initializing in an existing Firebase project directory

